"SELECT
     `tBodyAcc.mean...X`                    AS `tBodyAcc.mean.X`,
     `tBodyAcc.mean...Y`                    AS `tBodyAcc.mean.Y`,
     `tBodyAcc.mean...Z`                    AS `tBodyAcc.mean.Z`,
     `tBodyAcc.std...X`                     AS `tBodyAcc.std.X`,
     `tBodyAcc.std...Y`                     AS `tBodyAcc.std.Y`,
     `tBodyAcc.std...Z`                     AS `tBodyAcc.std.Z`,
     `tGravityAcc.mean...X`                 AS `tGravityAcc.mean.X`,
     `tGravityAcc.mean...Y`                 AS `tGravityAcc.mean.Y`,
     `tGravityAcc.mean...Z`                 AS `tGravityAcc.mean.Z`,
     `tGravityAcc.std...X`                  AS `tGravityAcc.std.X`,
     `tGravityAcc.std...Y`                  AS `tGravityAcc.std.Y`,
     `tGravityAcc.std...Z`                  AS `tGravityAcc.std.Z`,
     `tBodyAccJerk.mean...X`                AS `tBodyAccJerk.mean.X`,
     `tBodyAccJerk.mean...Y`                AS `tBodyAccJerk.mean.Y`,
     `tBodyAccJerk.mean...Z`                AS `tBodyAccJerk.mean.Z`,
     `tBodyAccJerk.std...X`                 AS `tBodyAccJerk.std.X`,
     `tBodyAccJerk.std...Y`                 AS `tBodyAccJerk.std.Y`,
     `tBodyAccJerk.std...Z`                 AS `tBodyAccJerk.std.Z`,
     `tBodyGyro.mean...X`                   AS `tBodyGyro.mean.X`,
     `tBodyGyro.mean...Y`                   AS `tBodyGyro.mean.Y`,
     `tBodyGyro.mean...Z`                   AS `tBodyGyro.mean.Z`,
     `tBodyGyro.std...X`                    AS `tBodyGyro.std.X`,
     `tBodyGyro.std...Y`                    AS `tBodyGyro.std.Y`,
     `tBodyGyro.std...Z`                    AS `tBodyGyro.std.Z`,
     `tBodyGyroJerk.mean...X`               AS `tBodyGyroJerk.mean.X`,
     `tBodyGyroJerk.mean...Y`               AS `tBodyGyroJerk.mean.Y`,
     `tBodyGyroJerk.mean...Z`               AS `tBodyGyroJerk.mean.Z`,
     `tBodyGyroJerk.std...X`                AS `tBodyGyroJerk.std.X`,
     `tBodyGyroJerk.std...Y`                AS `tBodyGyroJerk.std.Y`,
     `tBodyGyroJerk.std...Z`                AS `tBodyGyroJerk.std.Z`,
     `tBodyAccMag.mean..`                   AS `tBodyAccMag.mean`,
     `tBodyAccMag.std..`                    AS `tBodyAccMag.std`,
     `tGravityAccMag.mean..`                AS `tGravityAccMag.mean`,
     `tGravityAccMag.std..`                 AS `tGravityAccMag.std`,
     `tBodyAccJerkMag.mean..`               AS `tBodyAccJerkMag.mean`,
     `tBodyAccJerkMag.std..`                AS `tBodyAccJerkMag.std`,
     `tBodyGyroMag.mean..`                  AS `tBodyGyroMag.mean`,
     `tBodyGyroMag.std..`                   AS `tBodyGyroMag.std`,
     `tBodyGyroJerkMag.mean..`              AS `tBodyGyroJerkMag.mean`,
     `tBodyGyroJerkMag.std..`               AS `tBodyGyroJerkMag.std`,
     `fBodyAcc.mean...X`                    AS `fBodyAcc.mean.X`,
     `fBodyAcc.mean...Y`                    AS `fBodyAcc.mean.Y`,
     `fBodyAcc.mean...Z`                    AS `fBodyAcc.mean.Z`,
     `fBodyAcc.std...X`                     AS `fBodyAcc.std.X`,
     `fBodyAcc.std...Y`                     AS `fBodyAcc.std.Y`,
     `fBodyAcc.std...Z`                     AS `fBodyAcc.std.Z`,
     `fBodyAcc.meanFreq...X`                AS `fBodyAcc.meanFreq.X`,
     `fBodyAcc.meanFreq...Y`                AS `fBodyAcc.meanFreq.Y`,
     `fBodyAcc.meanFreq...Z`                AS `fBodyAcc.meanFreq.Z`,
     `fBodyAccJerk.mean...X`                AS `fBodyAccJerk.mean.X`,
     `fBodyAccJerk.mean...Y`                AS `fBodyAccJerk.mean.Y`,
     `fBodyAccJerk.mean...Z`                AS `fBodyAccJerk.mean.Z`,
     `fBodyAccJerk.std...X`                 AS `fBodyAccJerk.std.X`,
     `fBodyAccJerk.std...Y`                 AS `fBodyAccJerk.std.Y`,
     `fBodyAccJerk.std...Z`                 AS `fBodyAccJerk.std.Z`,
     `fBodyAccJerk.meanFreq...X`            AS `fBodyAccJerk.meanFreq.X`,
     `fBodyAccJerk.meanFreq...Y`            AS `fBodyAccJerk.meanFreq.Y`,
     `fBodyAccJerk.meanFreq...Z`            AS `fBodyAccJerk.meanFreq.Z`,
     `fBodyGyro.mean...X`                   AS `fBodyGyro.mean.X`,
     `fBodyGyro.mean...Y`                   AS `fBodyGyro.mean.Y`,
     `fBodyGyro.mean...Z`                   AS `fBodyGyro.mean.Z`,
     `fBodyGyro.std...X`                    AS `fBodyGyro.std.X`,
     `fBodyGyro.std...Y`                    AS `fBodyGyro.std.Y`,
     `fBodyGyro.std...Z`                    AS `fBodyGyro.std.Z`,
     `fBodyGyro.meanFreq...X`               AS `fBodyGyro.meanFreq.X`,
     `fBodyGyro.meanFreq...Y`               AS `fBodyGyro.meanFreq.Y`,
     `fBodyGyro.meanFreq...Z`               AS `fBodyGyro.meanFreq.Z`,
     `fBodyAccMag.mean..`                   AS `fBodyAccMag.mean`,
     `fBodyAccMag.std..`                    AS `fBodyAccMag.std`,
     `fBodyAccMag.meanFreq..`               AS `fBodyAccMag.meanFreq`,
     `fBodyBodyAccJerkMag.mean..`           AS `fBodyBodyAccJerkMag.mean`,
     `fBodyBodyAccJerkMag.std..`            AS `fBodyBodyAccJerkMag.std`,
     `fBodyBodyAccJerkMag.meanFreq..`       AS `fBodyBodyAccJerkMag.meanFreq`,
     `fBodyBodyGyroMag.mean..`              AS `fBodyBodyGyroMag.mean`,
     `fBodyBodyGyroMag.std..`               AS `fBodyBodyGyroMag.std`,
     `fBodyBodyGyroMag.meanFreq..`          AS `fBodyBodyGyroMag.meanFreq`,
     `fBodyBodyGyroJerkMag.mean..`          AS `fBodyBodyGyroJerkMag.mean`,
     `fBodyBodyGyroJerkMag.std..`           AS `fBodyBodyGyroJerkMag.std`,
     `fBodyBodyGyroJerkMag.meanFreq..`      AS `fBodyBodyGyroJerkMag.meanFreq`,
     `angle.tBodyAccMean.gravity.`          AS `angle.tBodyAccMean.gravity`,
     `angle.tBodyAccJerkMean..gravityMean.` AS `angle.tBodyAccJerkMean.gravityMean`,
     `angle.tBodyGyroMean.gravityMean.`     AS `angle.tBodyGyroMean.gravityMean`,
     `angle.tBodyGyroJerkMean.gravityMean.` AS `angle.tBodyGyroJerkMean.gravityMean`,
     `angle.X.gravityMean.`                 AS `angle.X.gravityMean`,
     `angle.Y.gravityMean.`                 AS `angle.Y.gravityMean`,
     `angle.Z.gravityMean.`                 AS `angle.Z.gravityMean`
 FROM